[debug] [2019-09-14T23:06:27.916Z] ----------------------------------------------------------------------
[debug] [2019-09-14T23:06:27.926Z] Command:       C:\Program Files\nodejs\node.exe C:\Users\Xtreme Computer\AppData\Roaming\npm\node_modules\firebase-tools\lib\bin\firebase.js login
[debug] [2019-09-14T23:06:27.927Z] CLI Version:   7.3.2
[debug] [2019-09-14T23:06:27.927Z] Platform:      win32
[debug] [2019-09-14T23:06:27.927Z] Node Version:  v10.16.0
[debug] [2019-09-14T23:06:27.933Z] Time:          Sun Sep 15 2019 04:06:27 GMT+0500 (Pakistan Standard Time)
[debug] [2019-09-14T23:06:27.933Z] ----------------------------------------------------------------------
[debug] 
[info] i  Firebase optionally collects CLI usage and error reporting information to help improve our products. Data is collected in accordance with Google's privacy policy (https://policies.google.com/privacy) and is not used to identify you.

[info] i  To change your data collection preference at any time, run `firebase logout` and log in again.
[info] 
[info] Visit this URL on this device to log in:
[info] https://accounts.google.com/o/oauth2/auth?client_id=563584335869-fgrhgmd47bqnekij5i8b5pr03ho849e6.apps.googleusercontent.com&scope=email%20openid%20https%3A%2F%2Fwww.googleapis.com%2Fauth%2Fcloudplatformprojects.readonly%20https%3A%2F%2Fwww.googleapis.com%2Fauth%2Ffirebase%20https%3A%2F%2Fwww.googleapis.com%2Fauth%2Fcloud-platform&response_type=code&state=912554509&redirect_uri=http%3A%2F%2Flocalhost%3A9005
[info] 
[info] Waiting for authentication...
[debug] [2019-09-14T23:06:40.352Z] Error: spawn cmd ENOENT
    at Process.ChildProcess._handle.onexit (internal/child_process.js:240:19)
    at onErrorNT (internal/child_process.js:415:16)
    at process._tickCallback (internal/process/next_tick.js:63:19)
[error] 
[error] Error: An unexpected error has occurred.
[debug] [2019-09-14T23:08:21.130Z] ----------------------------------------------------------------------
[debug] [2019-09-14T23:08:21.141Z] Command:       C:\Program Files\nodejs\node.exe C:\Users\Xtreme Computer\AppData\Roaming\npm\node_modules\firebase-tools\lib\bin\firebase.js login
[debug] [2019-09-14T23:08:21.142Z] CLI Version:   7.3.2
[debug] [2019-09-14T23:08:21.142Z] Platform:      win32
[debug] [2019-09-14T23:08:21.143Z] Node Version:  v10.16.0
[debug] [2019-09-14T23:08:21.148Z] Time:          Sun Sep 15 2019 04:08:21 GMT+0500 (Pakistan Standard Time)
[debug] [2019-09-14T23:08:21.149Z] ----------------------------------------------------------------------
[debug] 
[info] i  Firebase optionally collects CLI usage and error reporting information to help improve our products. Data is collected in accordance with Google's privacy policy (https://policies.google.com/privacy) and is not used to identify you.

[info] 
[info] Visit this URL on this device to log in:
[info] https://accounts.google.com/o/oauth2/auth?client_id=563584335869-fgrhgmd47bqnekij5i8b5pr03ho849e6.apps.googleusercontent.com&scope=email%20openid%20https%3A%2F%2Fwww.googleapis.com%2Fauth%2Fcloudplatformprojects.readonly%20https%3A%2F%2Fwww.googleapis.com%2Fauth%2Ffirebase%20https%3A%2F%2Fwww.googleapis.com%2Fauth%2Fcloud-platform&response_type=code&state=290696695&redirect_uri=http%3A%2F%2Flocalhost%3A9005
[info] 
[info] Waiting for authentication...
[debug] [2019-09-14T23:08:29.612Z] Error: spawn cmd ENOENT
    at Process.ChildProcess._handle.onexit (internal/child_process.js:240:19)
    at onErrorNT (internal/child_process.js:415:16)
    at process._tickCallback (internal/process/next_tick.js:63:19)
[error] 
[error] Error: An unexpected error has occurred.
[debug] [2019-09-15T20:41:06.954Z] ----------------------------------------------------------------------
[debug] [2019-09-15T20:41:07.097Z] Command:       C:\Program Files\nodejs\node.exe C:\Users\Xtreme Computer\AppData\Roaming\npm\node_modules\firebase-tools\lib\bin\firebase.js login
[debug] [2019-09-15T20:41:07.100Z] CLI Version:   7.3.2
[debug] [2019-09-15T20:41:07.100Z] Platform:      win32
[debug] [2019-09-15T20:41:07.100Z] Node Version:  v10.16.0
[debug] [2019-09-15T20:41:08.519Z] Time:          Mon Sep 16 2019 01:41:07 GMT+0500 (Pakistan Standard Time)
[debug] [2019-09-15T20:41:08.520Z] ----------------------------------------------------------------------
[debug] 
[info] i  Firebase optionally collects CLI usage and error reporting information to help improve our products. Data is collected in accordance with Google's privacy policy (https://policies.google.com/privacy) and is not used to identify you.

[info] i  To change your data collection preference at any time, run `firebase logout` and log in again.
[info] 
[info] Visit this URL on this device to log in:
[info] https://accounts.google.com/o/oauth2/auth?client_id=563584335869-fgrhgmd47bqnekij5i8b5pr03ho849e6.apps.googleusercontent.com&scope=email%20openid%20https%3A%2F%2Fwww.googleapis.com%2Fauth%2Fcloudplatformprojects.readonly%20https%3A%2F%2Fwww.googleapis.com%2Fauth%2Ffirebase%20https%3A%2F%2Fwww.googleapis.com%2Fauth%2Fcloud-platform&response_type=code&state=909124354&redirect_uri=http%3A%2F%2Flocalhost%3A9005
[info] 
[info] Waiting for authentication...
[debug] [2019-09-15T20:41:09.996Z] Error: spawn cmd ENOENT
    at Process.ChildProcess._handle.onexit (internal/child_process.js:240:19)
    at onErrorNT (internal/child_process.js:415:16)
    at process._tickCallback (internal/process/next_tick.js:63:19)
[error] 
[error] Error: An unexpected error has occurred.
